\BOOKMARK [0][-]{Doc-Start}{\315ndice general}{}% 1
\BOOKMARK [0][-]{Doc-Start}{\315ndice de tablas}{}% 2
\BOOKMARK [0][-]{Doc-Start}{\315ndice de figuras}{}% 3
\BOOKMARK [0][-]{Doc-Start}{Introducci\363n}{}% 4
\BOOKMARK [0][-]{chapter.1}{Antecedentes te\363ricos}{}% 5
\BOOKMARK [1][-]{section.1.1}{Proyecciones de poblaci\363n}{chapter.1}% 6
\BOOKMARK [2][-]{subsection.1.1.1}{Proyecci\363n de poblaciones peque\361as}{section.1.1}% 7
\BOOKMARK [2][-]{subsection.1.1.2}{Aplicaciones nacionales e internacionales}{section.1.1}% 8
\BOOKMARK [1][-]{section.1.2}{Series de tiempo}{chapter.1}% 9
\BOOKMARK [2][-]{subsection.1.2.1}{Modelos ARIMA}{section.1.2}% 10
\BOOKMARK [2][-]{subsection.1.2.2}{Modelos Estado-Espacio}{section.1.2}% 11
\BOOKMARK [0][-]{chapter.2}{La poblaci\363n carcelaria en Colombia 1991 - 2017}{}% 12
\BOOKMARK [1][-]{section.2.1}{An\341lisis exploratorio}{chapter.2}% 13
\BOOKMARK [1][-]{section.2.2}{El sistema penitenciario en Colombia}{chapter.2}% 14
\BOOKMARK [1][-]{section.2.3}{Identificaci\363n del modelo}{chapter.2}% 15
\BOOKMARK [0][-]{chapter.3}{Modelos SARIMA}{}% 16
\BOOKMARK [1][-]{section.3.1}{Identificaci\363n del modelo}{chapter.3}% 17
\BOOKMARK [1][-]{section.3.2}{Estimaci\363n de par\341metros}{chapter.3}% 18
\BOOKMARK [1][-]{section.3.3}{Proyecci\363n}{chapter.3}% 19
\BOOKMARK [1][-]{section.3.4}{Discusi\363n}{chapter.3}% 20
\BOOKMARK [0][-]{chapter.4}{M\351todos demogr\341ficos para poblaciones peque\361as}{}% 21
\BOOKMARK [1][-]{section.4.1}{Censal ratio}{chapter.4}% 22
\BOOKMARK [1][-]{section.4.2}{Poblaci\363n privada de la libertad por rango de edad Febrero 2016 a Febrero 2018}{chapter.4}% 23
\BOOKMARK [1][-]{section.4.3}{Proyecciones Censal Ratio}{chapter.4}% 24
\BOOKMARK [1][-]{section.4.4}{Discusi\363n}{chapter.4}% 25
\BOOKMARK [0][-]{chapter.5}{Modelos Estado-Espacio}{}% 26
\BOOKMARK [1][-]{section.5.1}{Poblaci\363n privada de la libertad 2013-2016 por delito}{chapter.5}% 27
\BOOKMARK [1][-]{section.5.2}{Selecci\363n de Software}{chapter.5}% 28
\BOOKMARK [1][-]{section.5.3}{Identificaci\363n del modelo}{chapter.5}% 29
\BOOKMARK [1][-]{section.5.4}{Estimaci\363n de par\341metros}{chapter.5}% 30
\BOOKMARK [1][-]{section.5.5}{Proyecciones 2017 - 2020}{chapter.5}% 31
\BOOKMARK [1][-]{section.5.6}{Discusi\363n}{chapter.5}% 32
\BOOKMARK [0][-]{section.5.6}{Conclusiones}{}% 33
\BOOKMARK [0][-]{section.5.6}{Trabajo futuro}{}% 34
\BOOKMARK [0][-]{section.5.6}{Bibliograf\355a}{}% 35
