This is pdfTeX, Version 3.14159265-2.6-1.40.16 (TeX Live 2015/Debian) (preloaded format=pdflatex 2017.8.29)  29 OCT 2017 21:45
entering extended mode
 restricted \write18 enabled.
 %&-line parsing enabled.
**Thesis.tex
(./Thesis.tex
LaTeX2e <2016/02/01>
Babel <3.9q> and hyphenation patterns for 6 language(s) loaded.
(./thesisUnal.cls
Document Class: thesisUnal 2008/01/01 v1.0 Standard LaTeX document class
(/usr/share/texlive/texmf-dist/tex/latex/base/inputenc.sty
Package: inputenc 2015/03/17 v1.2c Input encoding file
\inpenc@prehook=\toks14
\inpenc@posthook=\toks15

(/usr/share/texlive/texmf-dist/tex/latex/base/latin1.def
File: latin1.def 2015/03/17 v1.2c Input encoding file
))
(/usr/share/texlive/texmf-dist/tex/latex/amsmath/amsmath.sty
Package: amsmath 2016/03/03 v2.15a AMS math features
\@mathmargin=\skip41

For additional information on amsmath, use the `?' option.
(/usr/share/texlive/texmf-dist/tex/latex/amsmath/amstext.sty
Package: amstext 2000/06/29 v2.01 AMS text

(/usr/share/texlive/texmf-dist/tex/latex/amsmath/amsgen.sty
File: amsgen.sty 1999/11/30 v2.0 generic functions
\@emptytoks=\toks16
\ex@=\dimen102
))
(/usr/share/texlive/texmf-dist/tex/latex/amsmath/amsbsy.sty
Package: amsbsy 1999/11/29 v1.2d Bold Symbols
\pmbraise@=\dimen103
)
(/usr/share/texlive/texmf-dist/tex/latex/amsmath/amsopn.sty
Package: amsopn 1999/12/14 v2.01 operator names
)
\inf@bad=\count79
LaTeX Info: Redefining \frac on input line 199.
\uproot@=\count80
\leftroot@=\count81
LaTeX Info: Redefining \overline on input line 297.
\classnum@=\count82
\DOTSCASE@=\count83
LaTeX Info: Redefining \ldots on input line 394.
LaTeX Info: Redefining \dots on input line 397.
LaTeX Info: Redefining \cdots on input line 518.
\Mathstrutbox@=\box26
\strutbox@=\box27
\big@size=\dimen104
LaTeX Font Info:    Redeclaring font encoding OML on input line 630.
LaTeX Font Info:    Redeclaring font encoding OMS on input line 631.
\macc@depth=\count84
\c@MaxMatrixCols=\count85
\dotsspace@=\muskip10
\c@parentequation=\count86
\dspbrk@lvl=\count87
\tag@help=\toks17
\row@=\count88
\column@=\count89
\maxfields@=\count90
\andhelp@=\toks18
\eqnshift@=\dimen105
\alignsep@=\dimen106
\tagshift@=\dimen107
\tagwidth@=\dimen108
\totwidth@=\dimen109
\lineht@=\dimen110
\@envbody=\toks19
\multlinegap=\skip42
\multlinetaggap=\skip43
\mathdisplay@stack=\toks20
LaTeX Info: Redefining \[ on input line 2735.
LaTeX Info: Redefining \] on input line 2736.
)
(/usr/share/texlive/texmf-dist/tex/latex/amsmath/amsxtra.sty
Package: amsxtra 1999/11/15 v1.2c AMS extra commands
LaTeX Info: Redefining \nobreakspace on input line 54.
)
(/usr/share/texlive/texmf-dist/tex/latex/amsfonts/amssymb.sty
Package: amssymb 2013/01/14 v3.01 AMS font symbols

(/usr/share/texlive/texmf-dist/tex/latex/amsfonts/amsfonts.sty
Package: amsfonts 2013/01/14 v3.01 Basic AMSFonts support
\symAMSa=\mathgroup4
\symAMSb=\mathgroup5
LaTeX Font Info:    Overwriting math alphabet `\mathfrak' in version `bold'
(Font)                  U/euf/m/n --> U/euf/b/n on input line 106.
))
(/usr/share/texlive/texmf-dist/tex/latex/base/latexsym.sty
Package: latexsym 1998/08/17 v2.2e Standard LaTeX package (lasy symbols)
\symlasy=\mathgroup6
LaTeX Font Info:    Overwriting symbol font `lasy' in version `bold'
(Font)                  U/lasy/m/n --> U/lasy/b/n on input line 52.
)
(/usr/share/texlive/texmf-dist/tex/latex/amscls/amsthm.sty
Package: amsthm 2015/03/04 v2.20.2
\thm@style=\toks21
\thm@bodyfont=\toks22
\thm@headfont=\toks23
\thm@notefont=\toks24
\thm@headpunct=\toks25
\thm@preskip=\skip44
\thm@postskip=\skip45
\thm@headsep=\skip46
\dth@everypar=\toks26
)
(/usr/share/texlive/texmf-dist/tex/latex/tools/verbatim.sty
Package: verbatim 2014/10/28 v1.5q LaTeX2e package for verbatim enhancements
\every@verbatim=\toks27
\verbatim@line=\toks28
\verbatim@in@stream=\read1
)
(/usr/share/texlive/texmf-dist/tex/latex/base/makeidx.sty
Package: makeidx 2014/09/29 v1.0m Standard LaTeX package
)
(/usr/share/texlive/texmf-dist/tex/latex/tools/multicol.sty
Package: multicol 2015/08/19 v1.8n multicolumn formatting (FMi)
\c@tracingmulticols=\count91
\mult@box=\box28
\multicol@leftmargin=\dimen111
\c@unbalance=\count92
\c@collectmore=\count93
\doublecol@number=\count94
\multicoltolerance=\count95
\multicolpretolerance=\count96
\full@width=\dimen112
\page@free=\dimen113
\premulticols=\dimen114
\postmulticols=\dimen115
\multicolsep=\skip47
\multicolbaselineskip=\skip48
\partial@page=\box29
\last@line=\box30
\maxbalancingoverflow=\dimen116
\mult@rightbox=\box31
\mult@grightbox=\box32
\mult@gfirstbox=\box33
\mult@firstbox=\box34
\@tempa=\box35
\@tempa=\box36
\@tempa=\box37
\@tempa=\box38
\@tempa=\box39
\@tempa=\box40
\@tempa=\box41
\@tempa=\box42
\@tempa=\box43
\@tempa=\box44
\@tempa=\box45
\@tempa=\box46
\@tempa=\box47
\@tempa=\box48
\@tempa=\box49
\@tempa=\box50
\@tempa=\box51
\c@columnbadness=\count97
\c@finalcolumnbadness=\count98
\last@try=\dimen117
\multicolovershoot=\dimen118
\multicolundershoot=\dimen119
\mult@nat@firstbox=\box52
\colbreak@box=\box53
\mc@col@check@num=\count99
)
(/usr/share/texlive/texmf-dist/tex/latex/marvosym/marvosym.sty
Package: marvosym 2011/07/20 v2.2 Martin Vogel's Symbols font definitions
)
(/usr/share/texlive/texmf-dist/tex/generic/oberdiek/ifpdf.sty
Package: ifpdf 2011/01/30 v2.3 Provides the ifpdf switch (HO)
Package ifpdf Info: pdfTeX in PDF mode is detected.
)
(/usr/share/texlive/texmf-dist/tex/latex/graphics/graphicx.sty
Package: graphicx 2014/10/28 v1.0g Enhanced LaTeX Graphics (DPC,SPQR)

(/usr/share/texlive/texmf-dist/tex/latex/graphics/keyval.sty
Package: keyval 2014/10/28 v1.15 key=value parser (DPC)
\KV@toks@=\toks29
)
(/usr/share/texlive/texmf-dist/tex/latex/graphics/graphics.sty
Package: graphics 2016/01/03 v1.0q Standard LaTeX Graphics (DPC,SPQR)

(/usr/share/texlive/texmf-dist/tex/latex/graphics/trig.sty
Package: trig 2016/01/03 v1.10 sin cos tan (DPC)
)
(/usr/share/texlive/texmf-dist/tex/latex/latexconfig/graphics.cfg
File: graphics.cfg 2010/04/23 v1.9 graphics configuration of TeX Live
)
Package graphics Info: Driver file: pdftex.def on input line 95.

(/usr/share/texlive/texmf-dist/tex/latex/pdftex-def/pdftex.def
File: pdftex.def 2011/05/27 v0.06d Graphics/color for pdfTeX

(/usr/share/texlive/texmf-dist/tex/generic/oberdiek/infwarerr.sty
Package: infwarerr 2010/04/08 v1.3 Providing info/warning/error messages (HO)
)
(/usr/share/texlive/texmf-dist/tex/generic/oberdiek/ltxcmds.sty
Package: ltxcmds 2011/11/09 v1.22 LaTeX kernel commands for general use (HO)
)
\Gread@gobject=\count100
))
\Gin@req@height=\dimen120
\Gin@req@width=\dimen121
)
(/usr/share/texlive/texmf-dist/tex/latex/graphics/color.sty
Package: color 2016/01/03 v1.1b Standard LaTeX Color (DPC)

(/usr/share/texlive/texmf-dist/tex/latex/latexconfig/color.cfg
File: color.cfg 2007/01/18 v1.5 color configuration of teTeX/TeXLive
)
Package color Info: Driver file: pdftex.def on input line 143.
)
(./extraPackage/setspace.sty
Package: extraPackage/setspace 2000/12/01 6.7 Contributed and Supported LaTeX2e
 package


) (/usr/share/texlive/texmf-dist/tex/latex/base/bk11.clo
File: bk11.clo 2014/09/29 v1.4h Standard LaTeX file (size option)
)
(/usr/share/texlive/texmf-dist/tex/generic/babel/babel.sty
Package: babel 2016/02/24 3.9q The Babel package

(/usr/share/texlive/texmf-dist/tex/generic/babel-spanish/spanish.ldf
Language: spanish.ldf 2016/01/15 v5.0o Spanish support from the babel system

(/usr/share/texlive/texmf-dist/tex/generic/babel/babel.def
File: babel.def 2016/02/24 3.9q Babel common definitions
\babel@savecnt=\count101
\U@D=\dimen122
)
\es@quottoks=\toks30
\es@quotdepth=\count102
Package babel Info: Making " an active character on input line 533.
Package babel Info: Making . an active character on input line 634.
Package babel Info: Making < an active character on input line 679.
Package babel Info: Making > an active character on input line 679.
)
(/usr/share/texlive/texmf-dist/tex/generic/babel-english/english.ldf
Language: english 2012/08/20 v3.3p English support from the babel system
\l@british = a dialect from \language\l@english 
\l@UKenglish = a dialect from \language\l@english 
\l@canadian = a dialect from \language\l@american 
\l@australian = a dialect from \language\l@british 
\l@newzealand = a dialect from \language\l@british 
)
(/usr/share/texlive/texmf-dist/tex/generic/babel-spanish/spanish.ldf
Language: spanish.ldf 2016/01/15 v5.0o Spanish support from the babel system
))
\c@part=\count103
\c@chapter=\count104
\c@section=\count105
\c@subsection=\count106
\c@subsubsection=\count107
\c@paragraph=\count108
\c@subparagraph=\count109
\@widthtext=\skip49

(./extraPackage/titlesec.sty
Package: extraPackage/titlesec 2007/08/12 v2.8 Sectioning titles
\ttl@box=\box54
\beforetitleunit=\skip50
\aftertitleunit=\skip51
\ttl@plus=\dimen123
\ttl@minus=\dimen124
\ttl@toksa=\toks31
\titlewidth=\dimen125
\titlewidthlast=\dimen126
\titlewidthfirst=\dimen127
)
\c@figure=\count110
\c@table=\count111
\abovecaptionskip=\skip52
\belowcaptionskip=\skip53
\bibindent=\dimen128

(/usr/share/texlive/texmf-dist/tex/latex/tools/enumerate.sty
Package: enumerate 2015/07/23 v3.00 enumerate extensions (DPC)
\@enLab=\toks32
)
(/usr/share/texlive/texmf-dist/tex/latex/hyperref/hyperref.sty
Package: hyperref 2012/11/06 v6.83m Hypertext links for LaTeX

(/usr/share/texlive/texmf-dist/tex/generic/oberdiek/hobsub-hyperref.sty
Package: hobsub-hyperref 2012/05/28 v1.13 Bundle oberdiek, subset hyperref (HO)


(/usr/share/texlive/texmf-dist/tex/generic/oberdiek/hobsub-generic.sty
Package: hobsub-generic 2012/05/28 v1.13 Bundle oberdiek, subset generic (HO)
Package: hobsub 2012/05/28 v1.13 Construct package bundles (HO)
Package hobsub Info: Skipping package `infwarerr' (already loaded).
Package hobsub Info: Skipping package `ltxcmds' (already loaded).
Package: ifluatex 2010/03/01 v1.3 Provides the ifluatex switch (HO)
Package ifluatex Info: LuaTeX not detected.
Package: ifvtex 2010/03/01 v1.5 Detect VTeX and its facilities (HO)
Package ifvtex Info: VTeX not detected.
Package: intcalc 2007/09/27 v1.1 Expandable calculations with integers (HO)
Package hobsub Info: Skipping package `ifpdf' (already loaded).
Package: etexcmds 2011/02/16 v1.5 Avoid name clashes with e-TeX commands (HO)
Package etexcmds Info: Could not find \expanded.
(etexcmds)             That can mean that you are not using pdfTeX 1.50 or
(etexcmds)             that some package has redefined \expanded.
(etexcmds)             In the latter case, load this package earlier.
Package: kvsetkeys 2012/04/25 v1.16 Key value parser (HO)
Package: kvdefinekeys 2011/04/07 v1.3 Define keys (HO)
Package: pdftexcmds 2011/11/29 v0.20 Utility functions of pdfTeX for LuaTeX (HO
)
Package pdftexcmds Info: LuaTeX not detected.
Package pdftexcmds Info: \pdf@primitive is available.
Package pdftexcmds Info: \pdf@ifprimitive is available.
Package pdftexcmds Info: \pdfdraftmode found.
Package: pdfescape 2011/11/25 v1.13 Implements pdfTeX's escape features (HO)
Package: bigintcalc 2012/04/08 v1.3 Expandable calculations on big integers (HO
)
Package: bitset 2011/01/30 v1.1 Handle bit-vector datatype (HO)
Package: uniquecounter 2011/01/30 v1.2 Provide unlimited unique counter (HO)
)
Package hobsub Info: Skipping package `hobsub' (already loaded).
Package: letltxmacro 2010/09/02 v1.4 Let assignment for LaTeX macros (HO)
Package: hopatch 2012/05/28 v1.2 Wrapper for package hooks (HO)
Package: xcolor-patch 2011/01/30 xcolor patch
Package: atveryend 2011/06/30 v1.8 Hooks at the very end of document (HO)
Package atveryend Info: \enddocument detected (standard20110627).
Package: atbegshi 2011/10/05 v1.16 At begin shipout hook (HO)
Package: refcount 2011/10/16 v3.4 Data extraction from label references (HO)
Package: hycolor 2011/01/30 v1.7 Color options for hyperref/bookmark (HO)
)
(/usr/share/texlive/texmf-dist/tex/generic/ifxetex/ifxetex.sty
Package: ifxetex 2010/09/12 v0.6 Provides ifxetex conditional
)
(/usr/share/texlive/texmf-dist/tex/latex/oberdiek/auxhook.sty
Package: auxhook 2011/03/04 v1.3 Hooks for auxiliary files (HO)
)
(/usr/share/texlive/texmf-dist/tex/latex/oberdiek/kvoptions.sty
Package: kvoptions 2011/06/30 v3.11 Key value format for package options (HO)
)
\@linkdim=\dimen129
\Hy@linkcounter=\count112
\Hy@pagecounter=\count113

(/usr/share/texlive/texmf-dist/tex/latex/hyperref/pd1enc.def
File: pd1enc.def 2012/11/06 v6.83m Hyperref: PDFDocEncoding definition (HO)
)
\Hy@SavedSpaceFactor=\count114

(/usr/share/texlive/texmf-dist/tex/latex/latexconfig/hyperref.cfg
File: hyperref.cfg 2002/06/06 v1.2 hyperref configuration of TeXLive
)
Package hyperref Info: Option `breaklinks' set `true' on input line 4319.
Package hyperref Info: Hyper figures OFF on input line 4443.
Package hyperref Info: Link nesting OFF on input line 4448.
Package hyperref Info: Hyper index ON on input line 4451.
Package hyperref Info: Plain pages OFF on input line 4458.
Package hyperref Info: Backreferencing OFF on input line 4463.
Package hyperref Info: Implicit mode ON; LaTeX internals redefined.
Package hyperref Info: Bookmarks ON on input line 4688.
\c@Hy@tempcnt=\count115

(/usr/share/texlive/texmf-dist/tex/latex/url/url.sty
\Urlmuskip=\muskip11
Package: url 2013/09/16  ver 3.4  Verb mode for urls, etc.
)
LaTeX Info: Redefining \url on input line 5041.
\XeTeXLinkMargin=\dimen130
\Fld@menulength=\count116
\Field@Width=\dimen131
\Fld@charsize=\dimen132
Package hyperref Info: Hyper figures OFF on input line 6295.
Package hyperref Info: Link nesting OFF on input line 6300.
Package hyperref Info: Hyper index ON on input line 6303.
Package hyperref Info: backreferencing OFF on input line 6310.
Package hyperref Info: Link coloring OFF on input line 6315.
Package hyperref Info: Link coloring with OCG OFF on input line 6320.
Package hyperref Info: PDF/A mode OFF on input line 6325.
LaTeX Info: Redefining \ref on input line 6365.
LaTeX Info: Redefining \pageref on input line 6369.
\Hy@abspage=\count117
\c@Item=\count118
\c@Hfootnote=\count119
)

Package hyperref Message: Driver (autodetected): hpdftex.

(/usr/share/texlive/texmf-dist/tex/latex/hyperref/hpdftex.def
File: hpdftex.def 2012/11/06 v6.83m Hyperref driver for pdfTeX
\Fld@listcount=\count120
\c@bookmark@seq@number=\count121

(/usr/share/texlive/texmf-dist/tex/latex/oberdiek/rerunfilecheck.sty
Package: rerunfilecheck 2011/04/15 v1.7 Rerun checks for auxiliary files (HO)
Package uniquecounter Info: New unique counter `rerunfilecheck' on input line 2
82.
)
\Hy@SectionHShift=\skip54
)
(/usr/share/texlive/texmf-dist/tex/latex/caption/caption.sty
Package: caption 2016/02/21 v3.3-144 Customizing captions (AR)

(/usr/share/texlive/texmf-dist/tex/latex/caption/caption3.sty
Package: caption3 2016/02/04 v1.7-139 caption3 kernel (AR)
Package caption3 Info: TeX engine: e-TeX on input line 67.
\captionmargin=\dimen133
\captionmargin@=\dimen134
\captionwidth=\dimen135
\caption@tempdima=\dimen136
\caption@indent=\dimen137
\caption@parindent=\dimen138
\caption@hangindent=\dimen139
)
\c@ContinuedFloat=\count122
Package caption Info: hyperref package is loaded.
))
(/usr/share/texlive/texmf-dist/tex/latex/rotating/rotating.sty
Package: rotating 2009/03/28 v2.16a rotated objects in LaTeX

(/usr/share/texlive/texmf-dist/tex/latex/base/ifthen.sty
Package: ifthen 2014/09/29 v1.1c Standard LaTeX ifthen package (DPC)
)
\c@r@tfl@t=\count123
\rotFPtop=\skip55
\rotFPbot=\skip56
\rot@float@box=\box55
\rot@mess@toks=\toks33
)
(/usr/share/texlive/texmf-dist/tex/latex/oberdiek/inputenx.sty
Package: inputenx 2011/05/27 v1.10 Enhanced input encoding handling (HO)
)
(/usr/share/texlive/texmf-dist/tex/latex/base/fontenc.sty
Package: fontenc 2005/09/27 v1.99g Standard LaTeX package

(/usr/share/texlive/texmf-dist/tex/latex/base/t1enc.def
File: t1enc.def 2005/09/27 v1.99g Standard LaTeX file
LaTeX Font Info:    Redeclaring font encoding T1 on input line 48.
))
(/usr/share/texlive/texmf-dist/tex/latex/float/float.sty
Package: float 2001/11/08 v1.3d Float enhancements (AL)
\c@float@type=\count124
\float@exts=\toks34
\float@box=\box56
\@float@everytoks=\toks35
\@floatcapt=\box57
) (./Thesis.aux
LaTeX Info: Redefining \. on input line 24.
LaTeX Info: Redefining \% on input line 24.

(./dedicatoria.aux) (./agradecimientos.aux) (./introduccion.aux)
(./MarcoTeorico.aux) (./cap1.aux) (./cap2.aux) (./cap3.aux) (./conclusiones.aux
) (./trabajofuturo.aux))
\openout1 = `Thesis.aux'.

LaTeX Font Info:    Checking defaults for OML/cmm/m/it on input line 41.
LaTeX Font Info:    ... okay on input line 41.
LaTeX Font Info:    Checking defaults for T1/cmr/m/n on input line 41.
LaTeX Font Info:    ... okay on input line 41.
LaTeX Font Info:    Checking defaults for OT1/cmr/m/n on input line 41.
LaTeX Font Info:    ... okay on input line 41.
LaTeX Font Info:    Checking defaults for OMS/cmsy/m/n on input line 41.
LaTeX Font Info:    ... okay on input line 41.
LaTeX Font Info:    Checking defaults for OMX/cmex/m/n on input line 41.
LaTeX Font Info:    ... okay on input line 41.
LaTeX Font Info:    Checking defaults for U/cmr/m/n on input line 41.
LaTeX Font Info:    ... okay on input line 41.
LaTeX Font Info:    Checking defaults for PD1/pdf/m/n on input line 41.
LaTeX Font Info:    ... okay on input line 41.

(/usr/share/texlive/texmf-dist/tex/context/base/supp-pdf.mkii
[Loading MPS to PDF converter (version 2006.09.02).]
\scratchcounter=\count125
\scratchdimen=\dimen140
\scratchbox=\box58
\nofMPsegments=\count126
\nofMParguments=\count127
\everyMPshowfont=\toks36
\MPscratchCnt=\count128
\MPscratchDim=\dimen141
\MPnumerator=\count129
\makeMPintoPDFobject=\count130
\everyMPtoPDFconversion=\toks37
) (/usr/share/texlive/texmf-dist/tex/latex/oberdiek/epstopdf-base.sty
Package: epstopdf-base 2010/02/09 v2.5 Base part for package epstopdf

(/usr/share/texlive/texmf-dist/tex/latex/oberdiek/grfext.sty
Package: grfext 2010/08/19 v1.1 Manage graphics extensions (HO)
)
Package grfext Info: Graphics extension search list:
(grfext)             [.pdf,.png,.jpg,.eps]
(grfext)             \AppendGraphicsExtensions on input line 452.

(/usr/share/texlive/texmf-dist/tex/latex/latexconfig/epstopdf-sys.cfg
File: epstopdf-sys.cfg 2010/07/13 v1.3 Configuration of (r)epstopdf for TeX Liv
e
))
LaTeX Info: Redefining \. on input line 41.
LaTeX Info: Redefining \% on input line 41.
\AtBeginShipoutBox=\box59
Package hyperref Info: Link coloring OFF on input line 41.

(/usr/share/texlive/texmf-dist/tex/latex/hyperref/nameref.sty
Package: nameref 2012/10/27 v2.43 Cross-referencing by name of section

(/usr/share/texlive/texmf-dist/tex/generic/oberdiek/gettitlestring.sty
Package: gettitlestring 2010/12/03 v1.4 Cleanup title references (HO)
)
\c@section@level=\count131
)
LaTeX Info: Redefining \ref on input line 41.
LaTeX Info: Redefining \pageref on input line 41.
LaTeX Info: Redefining \nameref on input line 41.

(./Thesis.out) (./Thesis.out)
\@outlinefile=\write3
\openout3 = `Thesis.out'.

Package caption Info: Begin \AtBeginDocument code.
Package caption Info: float package is loaded.
Package caption Info: rotating package is loaded.
Package caption Info: End \AtBeginDocument code.

<imagesThesis/logo_university_nacho.pdf, id=170, 404.02916pt x 534.91182pt>
File: imagesThesis/logo_university_nacho.pdf Graphic file (type pdf)

<use imagesThesis/logo_university_nacho.pdf>
Package pdftex.def Info: imagesThesis/logo_university_nacho.pdf used on input l
ine 63.
(pdftex.def)             Requested size: 96.70387pt x 128.0374pt.
LaTeX Font Info:    Try loading font information for U+msa on input line 63.

(/usr/share/texlive/texmf-dist/tex/latex/amsfonts/umsa.fd
File: umsa.fd 2013/01/14 v3.01 AMS symbols A
)
LaTeX Font Info:    Try loading font information for U+msb on input line 63.

(/usr/share/texlive/texmf-dist/tex/latex/amsfonts/umsb.fd
File: umsb.fd 2013/01/14 v3.01 AMS symbols B
)
LaTeX Font Info:    Try loading font information for U+lasy on input line 63.

(/usr/share/texlive/texmf-dist/tex/latex/base/ulasy.fd
File: ulasy.fd 1998/08/17 v2.2e LaTeX symbol font definitions
)
Overfull \hbox (17.0pt too wide) in paragraph at lines 63--63
[]$[]$ 
 []

Package babel Info: Redefining spanish shorthand <<
(babel)             in language  on input line 63.
Package babel Info: Redefining spanish shorthand >>
(babel)             in language  on input line 63.
Package babel Info: Redefining spanish shorthand "=
(babel)             in language  on input line 63.
Package babel Info: Redefining spanish shorthand "~
(babel)             in language  on input line 63.
Package babel Info: Redefining spanish shorthand "!
(babel)             in language  on input line 63.
Package babel Info: Redefining spanish shorthand "?
(babel)             in language  on input line 63.
Package babel Info: Redefining spanish shorthand <<
(babel)             in language  on input line 63.
Package babel Info: Redefining spanish shorthand >>
(babel)             in language  on input line 63.
Package babel Info: Redefining spanish shorthand "=
(babel)             in language  on input line 63.
Package babel Info: Redefining spanish shorthand "~
(babel)             in language  on input line 63.
Package babel Info: Redefining spanish shorthand "!
(babel)             in language  on input line 63.
Package babel Info: Redefining spanish shorthand "?
(babel)             in language  on input line 63.
[1

{/var/lib/texmf/fonts/map/pdftex/updmap/pdftex.map} <./imagesThesis/logo_univer
sity_nacho.pdf>]
File: imagesThesis/logo_university_nacho.pdf Graphic file (type pdf)
 <use imagesThesis/logo_university_nacho.pdf>
Package pdftex.def Info: imagesThesis/logo_university_nacho.pdf used on input l
ine 63.
(pdftex.def)             Requested size: 96.70387pt x 128.0374pt.

Overfull \hbox (17.0pt too wide) in paragraph at lines 63--63
[]$[]$ 
 []

Package babel Info: Redefining spanish shorthand <<
(babel)             in language  on input line 63.
Package babel Info: Redefining spanish shorthand >>
(babel)             in language  on input line 63.
Package babel Info: Redefining spanish shorthand "=
(babel)             in language  on input line 63.
Package babel Info: Redefining spanish shorthand "~
(babel)             in language  on input line 63.
Package babel Info: Redefining spanish shorthand "!
(babel)             in language  on input line 63.
Package babel Info: Redefining spanish shorthand "?
(babel)             in language  on input line 63.
Package babel Info: Redefining spanish shorthand <<
(babel)             in language  on input line 63.
Package babel Info: Redefining spanish shorthand >>
(babel)             in language  on input line 63.
Package babel Info: Redefining spanish shorthand "=
(babel)             in language  on input line 63.
Package babel Info: Redefining spanish shorthand "~
(babel)             in language  on input line 63.
Package babel Info: Redefining spanish shorthand "!
(babel)             in language  on input line 63.
Package babel Info: Redefining spanish shorthand "?
(babel)             in language  on input line 63.
[2

]
Underfull \hbox (badness 10000) in paragraph at lines 72--72

 []


Underfull \hbox (badness 10000) in paragraph at lines 72--72

 []


Underfull \hbox (badness 10000) in paragraph at lines 72--72

 []


Underfull \hbox (badness 10000) in paragraph at lines 72--72

 []


Underfull \hbox (badness 10000) in paragraph at lines 72--72

 []


Underfull \hbox (badness 10000) in paragraph at lines 72--72

 []


Underfull \hbox (badness 10000) in paragraph at lines 83--83

 []


Underfull \hbox (badness 10000) in paragraph at lines 83--83

 []


Underfull \hbox (badness 10000) in paragraph at lines 83--83

 []


Underfull \hbox (badness 10000) in paragraph at lines 83--83

 []


Overfull \hbox (17.0pt too wide) in paragraph at lines 83--83
[]$[]$
 []


Underfull \hbox (badness 10000) in paragraph at lines 83--83

 []

Package babel Info: Redefining spanish shorthand <<
(babel)             in language  on input line 83.
Package babel Info: Redefining spanish shorthand >>
(babel)             in language  on input line 83.
Package babel Info: Redefining spanish shorthand "=
(babel)             in language  on input line 83.
Package babel Info: Redefining spanish shorthand "~
(babel)             in language  on input line 83.
Package babel Info: Redefining spanish shorthand "!
(babel)             in language  on input line 83.
Package babel Info: Redefining spanish shorthand "?
(babel)             in language  on input line 83.
Package babel Info: Redefining spanish shorthand <<
(babel)             in language  on input line 83.
Package babel Info: Redefining spanish shorthand >>
(babel)             in language  on input line 83.
Package babel Info: Redefining spanish shorthand "=
(babel)             in language  on input line 83.
Package babel Info: Redefining spanish shorthand "~
(babel)             in language  on input line 83.
Package babel Info: Redefining spanish shorthand "!
(babel)             in language  on input line 83.
Package babel Info: Redefining spanish shorthand "?
(babel)             in language  on input line 83.
[3

]
Overfull \vbox (1.0pt too high) has occurred while \output is active []

Package babel Info: Redefining spanish shorthand <<
(babel)             in language  on input line 83.
Package babel Info: Redefining spanish shorthand >>
(babel)             in language  on input line 83.
Package babel Info: Redefining spanish shorthand "=
(babel)             in language  on input line 83.
Package babel Info: Redefining spanish shorthand "~
(babel)             in language  on input line 83.
Package babel Info: Redefining spanish shorthand "!
(babel)             in language  on input line 83.
Package babel Info: Redefining spanish shorthand "?
(babel)             in language  on input line 83.
Package babel Info: Redefining spanish shorthand <<
(babel)             in language  on input line 83.
Package babel Info: Redefining spanish shorthand >>
(babel)             in language  on input line 83.
Package babel Info: Redefining spanish shorthand "=
(babel)             in language  on input line 83.
Package babel Info: Redefining spanish shorthand "~
(babel)             in language  on input line 83.
Package babel Info: Redefining spanish shorthand "!
(babel)             in language  on input line 83.
Package babel Info: Redefining spanish shorthand "?
(babel)             in language  on input line 83.
 [4]
\openout2 = `dedicatoria.aux'.


(./dedicatoria.tex)
Package babel Info: Redefining spanish shorthand <<
(babel)             in language  on input line 86.
Package babel Info: Redefining spanish shorthand >>
(babel)             in language  on input line 86.
Package babel Info: Redefining spanish shorthand "=
(babel)             in language  on input line 86.
Package babel Info: Redefining spanish shorthand "~
(babel)             in language  on input line 86.
Package babel Info: Redefining spanish shorthand "!
(babel)             in language  on input line 86.
Package babel Info: Redefining spanish shorthand "?
(babel)             in language  on input line 86.
Package babel Info: Redefining spanish shorthand <<
(babel)             in language  on input line 86.
Package babel Info: Redefining spanish shorthand >>
(babel)             in language  on input line 86.
Package babel Info: Redefining spanish shorthand "=
(babel)             in language  on input line 86.
Package babel Info: Redefining spanish shorthand "~
(babel)             in language  on input line 86.
Package babel Info: Redefining spanish shorthand "!
(babel)             in language  on input line 86.
Package babel Info: Redefining spanish shorthand "?
(babel)             in language  on input line 86.
 [0



]
\openout2 = `agradecimientos.aux'.

 (./agradecimientos.tex)
Package babel Info: Redefining spanish shorthand <<
(babel)             in language  on input line 87.
Package babel Info: Redefining spanish shorthand >>
(babel)             in language  on input line 87.
Package babel Info: Redefining spanish shorthand "=
(babel)             in language  on input line 87.
Package babel Info: Redefining spanish shorthand "~
(babel)             in language  on input line 87.
Package babel Info: Redefining spanish shorthand "!
(babel)             in language  on input line 87.
Package babel Info: Redefining spanish shorthand "?
(babel)             in language  on input line 87.
Package babel Info: Redefining spanish shorthand <<
(babel)             in language  on input line 87.
Package babel Info: Redefining spanish shorthand >>
(babel)             in language  on input line 87.
Package babel Info: Redefining spanish shorthand "=
(babel)             in language  on input line 87.
Package babel Info: Redefining spanish shorthand "~
(babel)             in language  on input line 87.
Package babel Info: Redefining spanish shorthand "!
(babel)             in language  on input line 87.
Package babel Info: Redefining spanish shorthand "?
(babel)             in language  on input line 87.
pdfTeX warning (ext4): destination with the same identifier (name{page.}) has b
een already used, duplicate ignored
<to be read again> 
                   \relax 
l.87     \acknowledgement{agradecimientos}
                                           [0



]
Package babel Info: Redefining spanish shorthand <<
(babel)             in language  on input line 88.
Package babel Info: Redefining spanish shorthand >>
(babel)             in language  on input line 88.
Package babel Info: Redefining spanish shorthand "=
(babel)             in language  on input line 88.
Package babel Info: Redefining spanish shorthand "~
(babel)             in language  on input line 88.
Package babel Info: Redefining spanish shorthand "!
(babel)             in language  on input line 88.
Package babel Info: Redefining spanish shorthand "?
(babel)             in language  on input line 88.
 (./Thesis.toc
LaTeX Info: Redefining \. on input line 1.
LaTeX Info: Redefining \% on input line 1.
Package babel Info: Redefining spanish shorthand <<
(babel)             in language  on input line 25.
Package babel Info: Redefining spanish shorthand >>
(babel)             in language  on input line 25.
Package babel Info: Redefining spanish shorthand "=
(babel)             in language  on input line 25.
Package babel Info: Redefining spanish shorthand "~
(babel)             in language  on input line 25.
Package babel Info: Redefining spanish shorthand "!
(babel)             in language  on input line 25.
Package babel Info: Redefining spanish shorthand "?
(babel)             in language  on input line 25.
Package babel Info: Redefining spanish shorthand <<
(babel)             in language  on input line 25.
Package babel Info: Redefining spanish shorthand >>
(babel)             in language  on input line 25.
Package babel Info: Redefining spanish shorthand "=
(babel)             in language  on input line 25.
Package babel Info: Redefining spanish shorthand "~
(babel)             in language  on input line 25.
Package babel Info: Redefining spanish shorthand "!
(babel)             in language  on input line 25.
Package babel Info: Redefining spanish shorthand "?
(babel)             in language  on input line 25.
 [1


])
\tf@toc=\write4
\openout4 = `Thesis.toc'.

LaTeX Info: Redefining \. on input line 89.
LaTeX Info: Redefining \% on input line 89.
Package babel Info: Redefining spanish shorthand <<
(babel)             in language  on input line 89.
Package babel Info: Redefining spanish shorthand >>
(babel)             in language  on input line 89.
Package babel Info: Redefining spanish shorthand "=
(babel)             in language  on input line 89.
Package babel Info: Redefining spanish shorthand "~
(babel)             in language  on input line 89.
Package babel Info: Redefining spanish shorthand "!
(babel)             in language  on input line 89.
Package babel Info: Redefining spanish shorthand "?
(babel)             in language  on input line 89.
Package babel Info: Redefining spanish shorthand <<
(babel)             in language  on input line 89.
Package babel Info: Redefining spanish shorthand >>
(babel)             in language  on input line 89.
Package babel Info: Redefining spanish shorthand "=
(babel)             in language  on input line 89.
Package babel Info: Redefining spanish shorthand "~
(babel)             in language  on input line 89.
Package babel Info: Redefining spanish shorthand "!
(babel)             in language  on input line 89.
Package babel Info: Redefining spanish shorthand "?
(babel)             in language  on input line 89.
 [2]
Package babel Info: Redefining spanish shorthand <<
(babel)             in language  on input line 89.
Package babel Info: Redefining spanish shorthand >>
(babel)             in language  on input line 89.
Package babel Info: Redefining spanish shorthand "=
(babel)             in language  on input line 89.
Package babel Info: Redefining spanish shorthand "~
(babel)             in language  on input line 89.
Package babel Info: Redefining spanish shorthand "!
(babel)             in language  on input line 89.
Package babel Info: Redefining spanish shorthand "?
(babel)             in language  on input line 89.

(./Thesis.lot
LaTeX Info: Redefining \. on input line 1.
LaTeX Info: Redefining \% on input line 1.
)
\tf@lot=\write5
\openout5 = `Thesis.lot'.

Package babel Info: Redefining spanish shorthand <<
(babel)             in language  on input line 90.
Package babel Info: Redefining spanish shorthand >>
(babel)             in language  on input line 90.
Package babel Info: Redefining spanish shorthand "=
(babel)             in language  on input line 90.
Package babel Info: Redefining spanish shorthand "~
(babel)             in language  on input line 90.
Package babel Info: Redefining spanish shorthand "!
(babel)             in language  on input line 90.
Package babel Info: Redefining spanish shorthand "?
(babel)             in language  on input line 90.
Package babel Info: Redefining spanish shorthand <<
(babel)             in language  on input line 90.
Package babel Info: Redefining spanish shorthand >>
(babel)             in language  on input line 90.
Package babel Info: Redefining spanish shorthand "=
(babel)             in language  on input line 90.
Package babel Info: Redefining spanish shorthand "~
(babel)             in language  on input line 90.
Package babel Info: Redefining spanish shorthand "!
(babel)             in language  on input line 90.
Package babel Info: Redefining spanish shorthand "?
(babel)             in language  on input line 90.
 [3

]
Package babel Info: Redefining spanish shorthand <<
(babel)             in language  on input line 90.
Package babel Info: Redefining spanish shorthand >>
(babel)             in language  on input line 90.
Package babel Info: Redefining spanish shorthand "=
(babel)             in language  on input line 90.
Package babel Info: Redefining spanish shorthand "~
(babel)             in language  on input line 90.
Package babel Info: Redefining spanish shorthand "!
(babel)             in language  on input line 90.
Package babel Info: Redefining spanish shorthand "?
(babel)             in language  on input line 90.
 (./Thesis.lof
LaTeX Info: Redefining \. on input line 1.
LaTeX Info: Redefining \% on input line 1.
)
\tf@lof=\write6
\openout6 = `Thesis.lof'.

Package babel Info: Redefining spanish shorthand <<
(babel)             in language  on input line 91.
Package babel Info: Redefining spanish shorthand >>
(babel)             in language  on input line 91.
Package babel Info: Redefining spanish shorthand "=
(babel)             in language  on input line 91.
Package babel Info: Redefining spanish shorthand "~
(babel)             in language  on input line 91.
Package babel Info: Redefining spanish shorthand "!
(babel)             in language  on input line 91.
Package babel Info: Redefining spanish shorthand "?
(babel)             in language  on input line 91.
Package babel Info: Redefining spanish shorthand <<
(babel)             in language  on input line 91.
Package babel Info: Redefining spanish shorthand >>
(babel)             in language  on input line 91.
Package babel Info: Redefining spanish shorthand "=
(babel)             in language  on input line 91.
Package babel Info: Redefining spanish shorthand "~
(babel)             in language  on input line 91.
Package babel Info: Redefining spanish shorthand "!
(babel)             in language  on input line 91.
Package babel Info: Redefining spanish shorthand "?
(babel)             in language  on input line 91.
 [4

]
\openout2 = `introduccion.aux'.

 (./introduccion.tex
Package babel Info: Redefining spanish shorthand <<
(babel)             in language  on input line 1.
Package babel Info: Redefining spanish shorthand >>
(babel)             in language  on input line 1.
Package babel Info: Redefining spanish shorthand "=
(babel)             in language  on input line 1.
Package babel Info: Redefining spanish shorthand "~
(babel)             in language  on input line 1.
Package babel Info: Redefining spanish shorthand "!
(babel)             in language  on input line 1.
Package babel Info: Redefining spanish shorthand "?
(babel)             in language  on input line 1.
Package babel Info: Redefining spanish shorthand <<
(babel)             in language  on input line 14.
Package babel Info: Redefining spanish shorthand >>
(babel)             in language  on input line 14.
Package babel Info: Redefining spanish shorthand "=
(babel)             in language  on input line 14.
Package babel Info: Redefining spanish shorthand "~
(babel)             in language  on input line 14.
Package babel Info: Redefining spanish shorthand "!
(babel)             in language  on input line 14.
Package babel Info: Redefining spanish shorthand "?
(babel)             in language  on input line 14.
Package babel Info: Redefining spanish shorthand <<
(babel)             in language  on input line 14.
Package babel Info: Redefining spanish shorthand >>
(babel)             in language  on input line 14.
Package babel Info: Redefining spanish shorthand "=
(babel)             in language  on input line 14.
Package babel Info: Redefining spanish shorthand "~
(babel)             in language  on input line 14.
Package babel Info: Redefining spanish shorthand "!
(babel)             in language  on input line 14.
Package babel Info: Redefining spanish shorthand "?
(babel)             in language  on input line 14.
 [5


]
Package babel Info: Redefining spanish shorthand <<
(babel)             in language  on input line 19.
Package babel Info: Redefining spanish shorthand >>
(babel)             in language  on input line 19.
Package babel Info: Redefining spanish shorthand "=
(babel)             in language  on input line 19.
Package babel Info: Redefining spanish shorthand "~
(babel)             in language  on input line 19.
Package babel Info: Redefining spanish shorthand "!
(babel)             in language  on input line 19.
Package babel Info: Redefining spanish shorthand "?
(babel)             in language  on input line 19.
Package babel Info: Redefining spanish shorthand <<
(babel)             in language  on input line 21.
Package babel Info: Redefining spanish shorthand >>
(babel)             in language  on input line 21.
Package babel Info: Redefining spanish shorthand "=
(babel)             in language  on input line 21.
Package babel Info: Redefining spanish shorthand "~
(babel)             in language  on input line 21.
Package babel Info: Redefining spanish shorthand "!
(babel)             in language  on input line 21.
Package babel Info: Redefining spanish shorthand "?
(babel)             in language  on input line 21.
Package babel Info: Redefining spanish shorthand <<
(babel)             in language  on input line 25.
Package babel Info: Redefining spanish shorthand >>
(babel)             in language  on input line 25.
Package babel Info: Redefining spanish shorthand "=
(babel)             in language  on input line 25.
Package babel Info: Redefining spanish shorthand "~
(babel)             in language  on input line 25.
Package babel Info: Redefining spanish shorthand "!
(babel)             in language  on input line 25.
Package babel Info: Redefining spanish shorthand "?
(babel)             in language  on input line 25.
LaTeX Font Info:    Try loading font information for OMS+cmr on input line 27.

(/usr/share/texlive/texmf-dist/tex/latex/base/omscmr.fd
File: omscmr.fd 2014/09/29 v2.5h Standard LaTeX font definitions
)
LaTeX Font Info:    Font shape `OMS/cmr/m/n' in size <10.95> not available
(Font)              Font shape `OMS/cmsy/m/n' tried instead on input line 27.
)
LaTeX Info: Redefining \. on input line 91.
LaTeX Info: Redefining \% on input line 91.
Package babel Info: Redefining spanish shorthand <<
(babel)             in language  on input line 91.
Package babel Info: Redefining spanish shorthand >>
(babel)             in language  on input line 91.
Package babel Info: Redefining spanish shorthand "=
(babel)             in language  on input line 91.
Package babel Info: Redefining spanish shorthand "~
(babel)             in language  on input line 91.
Package babel Info: Redefining spanish shorthand "!
(babel)             in language  on input line 91.
Package babel Info: Redefining spanish shorthand "?
(babel)             in language  on input line 91.
Package babel Info: Redefining spanish shorthand <<
(babel)             in language  on input line 91.
Package babel Info: Redefining spanish shorthand >>
(babel)             in language  on input line 91.
Package babel Info: Redefining spanish shorthand "=
(babel)             in language  on input line 91.
Package babel Info: Redefining spanish shorthand "~
(babel)             in language  on input line 91.
Package babel Info: Redefining spanish shorthand "!
(babel)             in language  on input line 91.
Package babel Info: Redefining spanish shorthand "?
(babel)             in language  on input line 91.
 [6]
\openout2 = `MarcoTeorico.aux'.


(./MarcoTeorico.tex
Cap\'{\i }tulo 1.
Package babel Info: Redefining spanish shorthand <<
(babel)             in language  on input line 1.
Package babel Info: Redefining spanish shorthand >>
(babel)             in language  on input line 1.
Package babel Info: Redefining spanish shorthand "=
(babel)             in language  on input line 1.
Package babel Info: Redefining spanish shorthand "~
(babel)             in language  on input line 1.
Package babel Info: Redefining spanish shorthand "!
(babel)             in language  on input line 1.
Package babel Info: Redefining spanish shorthand "?
(babel)             in language  on input line 1.
Package babel Info: Redefining spanish shorthand <<
(babel)             in language  on input line 5.
Package babel Info: Redefining spanish shorthand >>
(babel)             in language  on input line 5.
Package babel Info: Redefining spanish shorthand "=
(babel)             in language  on input line 5.
Package babel Info: Redefining spanish shorthand "~
(babel)             in language  on input line 5.
Package babel Info: Redefining spanish shorthand "!
(babel)             in language  on input line 5.
Package babel Info: Redefining spanish shorthand "?
(babel)             in language  on input line 5.
Package babel Info: Redefining spanish shorthand <<
(babel)             in language  on input line 18.
Package babel Info: Redefining spanish shorthand >>
(babel)             in language  on input line 18.
Package babel Info: Redefining spanish shorthand "=
(babel)             in language  on input line 18.
Package babel Info: Redefining spanish shorthand "~
(babel)             in language  on input line 18.
Package babel Info: Redefining spanish shorthand "!
(babel)             in language  on input line 18.
Package babel Info: Redefining spanish shorthand "?
(babel)             in language  on input line 18.
Package babel Info: Redefining spanish shorthand <<
(babel)             in language  on input line 18.
Package babel Info: Redefining spanish shorthand >>
(babel)             in language  on input line 18.
Package babel Info: Redefining spanish shorthand "=
(babel)             in language  on input line 18.
Package babel Info: Redefining spanish shorthand "~
(babel)             in language  on input line 18.
Package babel Info: Redefining spanish shorthand "!
(babel)             in language  on input line 18.
Package babel Info: Redefining spanish shorthand "?
(babel)             in language  on input line 18.
pdfTeX warning (ext4): destination with the same identifier (name{page.1}) has 
been already used, duplicate ignored
<to be read again> 
                   \relax 
l.18 	\end{itemize}
                    [1




]
Package babel Info: Redefining spanish shorthand <<
(babel)             in language  on input line 21.
Package babel Info: Redefining spanish shorthand >>
(babel)             in language  on input line 21.
Package babel Info: Redefining spanish shorthand "=
(babel)             in language  on input line 21.
Package babel Info: Redefining spanish shorthand "~
(babel)             in language  on input line 21.
Package babel Info: Redefining spanish shorthand "!
(babel)             in language  on input line 21.
Package babel Info: Redefining spanish shorthand "?
(babel)             in language  on input line 21.
Package babel Info: Redefining spanish shorthand <<
(babel)             in language  on input line 27.
Package babel Info: Redefining spanish shorthand >>
(babel)             in language  on input line 27.
Package babel Info: Redefining spanish shorthand "=
(babel)             in language  on input line 27.
Package babel Info: Redefining spanish shorthand "~
(babel)             in language  on input line 27.
Package babel Info: Redefining spanish shorthand "!
(babel)             in language  on input line 27.
Package babel Info: Redefining spanish shorthand "?
(babel)             in language  on input line 27.


LaTeX Warning: Citation `Blumstein1980' on page 2 undefined on input line 39.

Package babel Info: Redefining spanish shorthand <<
(babel)             in language  on input line 43.
Package babel Info: Redefining spanish shorthand >>
(babel)             in language  on input line 43.
Package babel Info: Redefining spanish shorthand "=
(babel)             in language  on input line 43.
Package babel Info: Redefining spanish shorthand "~
(babel)             in language  on input line 43.
Package babel Info: Redefining spanish shorthand "!
(babel)             in language  on input line 43.
Package babel Info: Redefining spanish shorthand "?
(babel)             in language  on input line 43.
LaTeX Info: Redefining \. on input line 50.
LaTeX Info: Redefining \% on input line 50.
Package babel Info: Redefining spanish shorthand <<
(babel)             in language  on input line 50.
Package babel Info: Redefining spanish shorthand >>
(babel)             in language  on input line 50.
Package babel Info: Redefining spanish shorthand "=
(babel)             in language  on input line 50.
Package babel Info: Redefining spanish shorthand "~
(babel)             in language  on input line 50.
Package babel Info: Redefining spanish shorthand "!
(babel)             in language  on input line 50.
Package babel Info: Redefining spanish shorthand "?
(babel)             in language  on input line 50.
Package babel Info: Redefining spanish shorthand <<
(babel)             in language  on input line 50.
Package babel Info: Redefining spanish shorthand >>
(babel)             in language  on input line 50.
Package babel Info: Redefining spanish shorthand "=
(babel)             in language  on input line 50.
Package babel Info: Redefining spanish shorthand "~
(babel)             in language  on input line 50.
Package babel Info: Redefining spanish shorthand "!
(babel)             in language  on input line 50.
Package babel Info: Redefining spanish shorthand "?
(babel)             in language  on input line 50.
pdfTeX warning (ext4): destination with the same identifier (name{page.2}) has 
been already used, duplicate ignored
<to be read again> 
                   \relax 
l.50 E
      n una regresión lineal clásica, una variable $Y$ es explicada o predic...
[2]
Package babel Info: Redefining spanish shorthand <<
(babel)             in language  on input line 79.
Package babel Info: Redefining spanish shorthand >>
(babel)             in language  on input line 79.
Package babel Info: Redefining spanish shorthand "=
(babel)             in language  on input line 79.
Package babel Info: Redefining spanish shorthand "~
(babel)             in language  on input line 79.
Package babel Info: Redefining spanish shorthand "!
(babel)             in language  on input line 79.
Package babel Info: Redefining spanish shorthand "?
(babel)             in language  on input line 79.
LaTeX Info: Redefining \. on input line 86.
LaTeX Info: Redefining \% on input line 86.
Package babel Info: Redefining spanish shorthand <<
(babel)             in language  on input line 86.
Package babel Info: Redefining spanish shorthand >>
(babel)             in language  on input line 86.
Package babel Info: Redefining spanish shorthand "=
(babel)             in language  on input line 86.
Package babel Info: Redefining spanish shorthand "~
(babel)             in language  on input line 86.
Package babel Info: Redefining spanish shorthand "!
(babel)             in language  on input line 86.
Package babel Info: Redefining spanish shorthand "?
(babel)             in language  on input line 86.
Package babel Info: Redefining spanish shorthand <<
(babel)             in language  on input line 86.
Package babel Info: Redefining spanish shorthand >>
(babel)             in language  on input line 86.
Package babel Info: Redefining spanish shorthand "=
(babel)             in language  on input line 86.
Package babel Info: Redefining spanish shorthand "~
(babel)             in language  on input line 86.
Package babel Info: Redefining spanish shorthand "!
(babel)             in language  on input line 86.
Package babel Info: Redefining spanish shorthand "?
(babel)             in language  on input line 86.
pdfTeX warning (ext4): destination with the same identifier (name{page.3}) has 
been already used, duplicate ignored
<to be read again> 
                   \relax 
l.86 	\item E
             stimación de parámetros. [3]
Package babel Info: Redefining spanish shorthand <<
(babel)             in language  on input line 114.
Package babel Info: Redefining spanish shorthand >>
(babel)             in language  on input line 114.
Package babel Info: Redefining spanish shorthand "=
(babel)             in language  on input line 114.
Package babel Info: Redefining spanish shorthand "~
(babel)             in language  on input line 114.
Package babel Info: Redefining spanish shorthand "!
(babel)             in language  on input line 114.
Package babel Info: Redefining spanish shorthand "?
(babel)             in language  on input line 114.
)
LaTeX Info: Redefining \. on input line 93.
LaTeX Info: Redefining \% on input line 93.
Package babel Info: Redefining spanish shorthand <<
(babel)             in language  on input line 93.
Package babel Info: Redefining spanish shorthand >>
(babel)             in language  on input line 93.
Package babel Info: Redefining spanish shorthand "=
(babel)             in language  on input line 93.
Package babel Info: Redefining spanish shorthand "~
(babel)             in language  on input line 93.
Package babel Info: Redefining spanish shorthand "!
(babel)             in language  on input line 93.
Package babel Info: Redefining spanish shorthand "?
(babel)             in language  on input line 93.
Package babel Info: Redefining spanish shorthand <<
(babel)             in language  on input line 93.
Package babel Info: Redefining spanish shorthand >>
(babel)             in language  on input line 93.
Package babel Info: Redefining spanish shorthand "=
(babel)             in language  on input line 93.
Package babel Info: Redefining spanish shorthand "~
(babel)             in language  on input line 93.
Package babel Info: Redefining spanish shorthand "!
(babel)             in language  on input line 93.
Package babel Info: Redefining spanish shorthand "?
(babel)             in language  on input line 93.
pdfTeX warning (ext4): destination with the same identifier (name{page.4}) has 
been already used, duplicate ignored
<to be read again> 
                   \relax 
l.93 	\include{MarcoTeorico}
                             [4]
\openout2 = `cap1.aux'.

 (./cap1.tex
Cap\'{\i }tulo 2.
Package babel Info: Redefining spanish shorthand <<
(babel)             in language  on input line 1.
Package babel Info: Redefining spanish shorthand >>
(babel)             in language  on input line 1.
Package babel Info: Redefining spanish shorthand "=
(babel)             in language  on input line 1.
Package babel Info: Redefining spanish shorthand "~
(babel)             in language  on input line 1.
Package babel Info: Redefining spanish shorthand "!
(babel)             in language  on input line 1.
Package babel Info: Redefining spanish shorthand "?
(babel)             in language  on input line 1.
Package babel Info: Redefining spanish shorthand <<
(babel)             in language  on input line 3.
Package babel Info: Redefining spanish shorthand >>
(babel)             in language  on input line 3.
Package babel Info: Redefining spanish shorthand "=
(babel)             in language  on input line 3.
Package babel Info: Redefining spanish shorthand "~
(babel)             in language  on input line 3.
Package babel Info: Redefining spanish shorthand "!
(babel)             in language  on input line 3.
Package babel Info: Redefining spanish shorthand "?
(babel)             in language  on input line 3.
<genero.png, id=373, 469.755pt x 324.9741pt>
File: genero.png Graphic file (type png)
 <use genero.png>
Package pdftex.def Info: genero.png used on input line 11.
(pdftex.def)             Requested size: 284.52756pt x 196.83556pt.

<tasas.png, id=375, 469.755pt x 324.9741pt>
File: tasas.png Graphic file (type png)
 <use tasas.png>
Package pdftex.def Info: tasas.png used on input line 21.
(pdftex.def)             Requested size: 284.52756pt x 196.83556pt.
Package babel Info: Redefining spanish shorthand <<
(babel)             in language  on input line 24.
Package babel Info: Redefining spanish shorthand >>
(babel)             in language  on input line 24.
Package babel Info: Redefining spanish shorthand "=
(babel)             in language  on input line 24.
Package babel Info: Redefining spanish shorthand "~
(babel)             in language  on input line 24.
Package babel Info: Redefining spanish shorthand "!
(babel)             in language  on input line 24.
Package babel Info: Redefining spanish shorthand "?
(babel)             in language  on input line 24.
Package babel Info: Redefining spanish shorthand <<
(babel)             in language  on input line 24.
Package babel Info: Redefining spanish shorthand >>
(babel)             in language  on input line 24.
Package babel Info: Redefining spanish shorthand "=
(babel)             in language  on input line 24.
Package babel Info: Redefining spanish shorthand "~
(babel)             in language  on input line 24.
Package babel Info: Redefining spanish shorthand "!
(babel)             in language  on input line 24.
Package babel Info: Redefining spanish shorthand "?
(babel)             in language  on input line 24.
 [5



 <./genero.png (PNG copy)>]
Package babel Info: Redefining spanish shorthand <<
(babel)             in language  on input line 28.
Package babel Info: Redefining spanish shorthand >>
(babel)             in language  on input line 28.
Package babel Info: Redefining spanish shorthand "=
(babel)             in language  on input line 28.
Package babel Info: Redefining spanish shorthand "~
(babel)             in language  on input line 28.
Package babel Info: Redefining spanish shorthand "!
(babel)             in language  on input line 28.
Package babel Info: Redefining spanish shorthand "?
(babel)             in language  on input line 28.
 <sit_jur.png, id=384, 469.755pt x 324.9741pt>
File: sit_jur.png Graphic file (type png)
 <use sit_jur.png>
Package pdftex.def Info: sit_jur.png used on input line 36.
(pdftex.def)             Requested size: 284.52756pt x 196.83556pt.
Package babel Info: Redefining spanish shorthand <<
(babel)             in language  on input line 41.
Package babel Info: Redefining spanish shorthand >>
(babel)             in language  on input line 41.
Package babel Info: Redefining spanish shorthand "=
(babel)             in language  on input line 41.
Package babel Info: Redefining spanish shorthand "~
(babel)             in language  on input line 41.
Package babel Info: Redefining spanish shorthand "!
(babel)             in language  on input line 41.
Package babel Info: Redefining spanish shorthand "?
(babel)             in language  on input line 41.
LaTeX Info: Redefining \. on input line 60.
LaTeX Info: Redefining \% on input line 60.
Package babel Info: Redefining spanish shorthand <<
(babel)             in language  on input line 60.
Package babel Info: Redefining spanish shorthand >>
(babel)             in language  on input line 60.
Package babel Info: Redefining spanish shorthand "=
(babel)             in language  on input line 60.
Package babel Info: Redefining spanish shorthand "~
(babel)             in language  on input line 60.
Package babel Info: Redefining spanish shorthand "!
(babel)             in language  on input line 60.
Package babel Info: Redefining spanish shorthand "?
(babel)             in language  on input line 60.
Package babel Info: Redefining spanish shorthand <<
(babel)             in language  on input line 60.
Package babel Info: Redefining spanish shorthand >>
(babel)             in language  on input line 60.
Package babel Info: Redefining spanish shorthand "=
(babel)             in language  on input line 60.
Package babel Info: Redefining spanish shorthand "~
(babel)             in language  on input line 60.
Package babel Info: Redefining spanish shorthand "!
(babel)             in language  on input line 60.
Package babel Info: Redefining spanish shorthand "?
(babel)             in language  on input line 60.

[6 <./tasas.png (PNG copy)>])
LaTeX Info: Redefining \. on input line 94.
LaTeX Info: Redefining \% on input line 94.
Package babel Info: Redefining spanish shorthand <<
(babel)             in language  on input line 94.
Package babel Info: Redefining spanish shorthand >>
(babel)             in language  on input line 94.
Package babel Info: Redefining spanish shorthand "=
(babel)             in language  on input line 94.
Package babel Info: Redefining spanish shorthand "~
(babel)             in language  on input line 94.
Package babel Info: Redefining spanish shorthand "!
(babel)             in language  on input line 94.
Package babel Info: Redefining spanish shorthand "?
(babel)             in language  on input line 94.
Package babel Info: Redefining spanish shorthand <<
(babel)             in language  on input line 94.
Package babel Info: Redefining spanish shorthand >>
(babel)             in language  on input line 94.
Package babel Info: Redefining spanish shorthand "=
(babel)             in language  on input line 94.
Package babel Info: Redefining spanish shorthand "~
(babel)             in language  on input line 94.
Package babel Info: Redefining spanish shorthand "!
(babel)             in language  on input line 94.
Package babel Info: Redefining spanish shorthand "?
(babel)             in language  on input line 94.
 [7 <./sit_jur.png (PNG copy)>]
\openout2 = `cap2.aux'.

 (./cap2.tex
Cap\'{\i }tulo 3.
Package babel Info: Redefining spanish shorthand <<
(babel)             in language  on input line 1.
Package babel Info: Redefining spanish shorthand >>
(babel)             in language  on input line 1.
Package babel Info: Redefining spanish shorthand "=
(babel)             in language  on input line 1.
Package babel Info: Redefining spanish shorthand "~
(babel)             in language  on input line 1.
Package babel Info: Redefining spanish shorthand "!
(babel)             in language  on input line 1.
Package babel Info: Redefining spanish shorthand "?
(babel)             in language  on input line 1.
Package babel Info: Redefining spanish shorthand <<
(babel)             in language  on input line 7.
Package babel Info: Redefining spanish shorthand >>
(babel)             in language  on input line 7.
Package babel Info: Redefining spanish shorthand "=
(babel)             in language  on input line 7.
Package babel Info: Redefining spanish shorthand "~
(babel)             in language  on input line 7.
Package babel Info: Redefining spanish shorthand "!
(babel)             in language  on input line 7.
Package babel Info: Redefining spanish shorthand "?
(babel)             in language  on input line 7.
<variacion_intermensual.png, id=399, 459.1554pt x 283.7802pt>
File: variacion_intermensual.png Graphic file (type png)

<use variacion_intermensual.png>
Package pdftex.def Info: variacion_intermensual.png used on input line 12.
(pdftex.def)             Requested size: 298.75262pt x 184.65411pt.
Package babel Info: Redefining spanish shorthand <<
(babel)             in language  on input line 22.
Package babel Info: Redefining spanish shorthand >>
(babel)             in language  on input line 22.
Package babel Info: Redefining spanish shorthand "=
(babel)             in language  on input line 22.
Package babel Info: Redefining spanish shorthand "~
(babel)             in language  on input line 22.
Package babel Info: Redefining spanish shorthand "!
(babel)             in language  on input line 22.
Package babel Info: Redefining spanish shorthand "?
(babel)             in language  on input line 22.
Package babel Info: Redefining spanish shorthand <<
(babel)             in language  on input line 22.
Package babel Info: Redefining spanish shorthand >>
(babel)             in language  on input line 22.
Package babel Info: Redefining spanish shorthand "=
(babel)             in language  on input line 22.
Package babel Info: Redefining spanish shorthand "~
(babel)             in language  on input line 22.
Package babel Info: Redefining spanish shorthand "!
(babel)             in language  on input line 22.
Package babel Info: Redefining spanish shorthand "?
(babel)             in language  on input line 22.
 [8



 <./variacion_intermensual.png>]
<variacion_mensual_total_desc.png, id=410, 459.1554pt x 283.7802pt>
File: variacion_mensual_total_desc.png Graphic file (type png)

<use variacion_mensual_total_desc.png>
Package pdftex.def Info: variacion_mensual_total_desc.png used on input line 30
.
(pdftex.def)             Requested size: 298.75262pt x 184.65411pt.

<variacion_mensual_sindicados_desc.png, id=411, 459.1554pt x 283.7802pt>
File: variacion_mensual_sindicados_desc.png Graphic file (type png)

<use variacion_mensual_sindicados_desc.png>
Package pdftex.def Info: variacion_mensual_sindicados_desc.png used on input li
ne 38.
(pdftex.def)             Requested size: 298.75262pt x 184.65411pt.

<variacion_mensual_condenados_desc.png, id=412, 459.1554pt x 283.7802pt>
File: variacion_mensual_condenados_desc.png Graphic file (type png)

<use variacion_mensual_condenados_desc.png>
Package pdftex.def Info: variacion_mensual_condenados_desc.png used on input li
ne 46.
(pdftex.def)             Requested size: 298.75262pt x 184.65411pt.
LaTeX Info: Redefining \. on input line 50.
LaTeX Info: Redefining \% on input line 50.
Package babel Info: Redefining spanish shorthand <<
(babel)             in language  on input line 50.
Package babel Info: Redefining spanish shorthand >>
(babel)             in language  on input line 50.
Package babel Info: Redefining spanish shorthand "=
(babel)             in language  on input line 50.
Package babel Info: Redefining spanish shorthand "~
(babel)             in language  on input line 50.
Package babel Info: Redefining spanish shorthand "!
(babel)             in language  on input line 50.
Package babel Info: Redefining spanish shorthand "?
(babel)             in language  on input line 50.
Package babel Info: Redefining spanish shorthand <<
(babel)             in language  on input line 50.
Package babel Info: Redefining spanish shorthand >>
(babel)             in language  on input line 50.
Package babel Info: Redefining spanish shorthand "=
(babel)             in language  on input line 50.
Package babel Info: Redefining spanish shorthand "~
(babel)             in language  on input line 50.
Package babel Info: Redefining spanish shorthand "!
(babel)             in language  on input line 50.
Package babel Info: Redefining spanish shorthand "?
(babel)             in language  on input line 50.
 [9 <./variacion_mensual_total_desc.png> <./variacion_mensual_sindicados_desc.p
ng>]
<ACF_var_pob.png, id=423, 425.11765pt x 637.67647pt>
File: ACF_var_pob.png Graphic file (type png)
 <use ACF_var_pob.png>
Package pdftex.def Info: ACF_var_pob.png used on input line 71.
(pdftex.def)             Requested size: 298.75262pt x 448.15111pt.
LaTeX Info: Redefining \. on input line 75.
LaTeX Info: Redefining \% on input line 75.
Package babel Info: Redefining spanish shorthand <<
(babel)             in language  on input line 75.
Package babel Info: Redefining spanish shorthand >>
(babel)             in language  on input line 75.
Package babel Info: Redefining spanish shorthand "=
(babel)             in language  on input line 75.
Package babel Info: Redefining spanish shorthand "~
(babel)             in language  on input line 75.
Package babel Info: Redefining spanish shorthand "!
(babel)             in language  on input line 75.
Package babel Info: Redefining spanish shorthand "?
(babel)             in language  on input line 75.
Package babel Info: Redefining spanish shorthand <<
(babel)             in language  on input line 75.
Package babel Info: Redefining spanish shorthand >>
(babel)             in language  on input line 75.
Package babel Info: Redefining spanish shorthand "=
(babel)             in language  on input line 75.
Package babel Info: Redefining spanish shorthand "~
(babel)             in language  on input line 75.
Package babel Info: Redefining spanish shorthand "!
(babel)             in language  on input line 75.
Package babel Info: Redefining spanish shorthand "?
(babel)             in language  on input line 75.

[10 <./variacion_mensual_condenados_desc.png>]
Package babel Info: Redefining spanish shorthand <<
(babel)             in language  on input line 76.
Package babel Info: Redefining spanish shorthand >>
(babel)             in language  on input line 76.
Package babel Info: Redefining spanish shorthand "=
(babel)             in language  on input line 76.
Package babel Info: Redefining spanish shorthand "~
(babel)             in language  on input line 76.
Package babel Info: Redefining spanish shorthand "!
(babel)             in language  on input line 76.
Package babel Info: Redefining spanish shorthand "?
(babel)             in language  on input line 76.
Package babel Info: Redefining spanish shorthand <<
(babel)             in language  on input line 83.
Package babel Info: Redefining spanish shorthand >>
(babel)             in language  on input line 83.
Package babel Info: Redefining spanish shorthand "=
(babel)             in language  on input line 83.
Package babel Info: Redefining spanish shorthand "~
(babel)             in language  on input line 83.
Package babel Info: Redefining spanish shorthand "!
(babel)             in language  on input line 83.
Package babel Info: Redefining spanish shorthand "?
(babel)             in language  on input line 83.
LaTeX Info: Redefining \. on input line 86.
LaTeX Info: Redefining \% on input line 86.
Package babel Info: Redefining spanish shorthand <<
(babel)             in language  on input line 86.
Package babel Info: Redefining spanish shorthand >>
(babel)             in language  on input line 86.
Package babel Info: Redefining spanish shorthand "=
(babel)             in language  on input line 86.
Package babel Info: Redefining spanish shorthand "~
(babel)             in language  on input line 86.
Package babel Info: Redefining spanish shorthand "!
(babel)             in language  on input line 86.
Package babel Info: Redefining spanish shorthand "?
(babel)             in language  on input line 86.
Package babel Info: Redefining spanish shorthand <<
(babel)             in language  on input line 86.
Package babel Info: Redefining spanish shorthand >>
(babel)             in language  on input line 86.
Package babel Info: Redefining spanish shorthand "=
(babel)             in language  on input line 86.
Package babel Info: Redefining spanish shorthand "~
(babel)             in language  on input line 86.
Package babel Info: Redefining spanish shorthand "!
(babel)             in language  on input line 86.
Package babel Info: Redefining spanish shorthand "?
(babel)             in language  on input line 86.
 [11 <./ACF_var_pob.png (PNG copy)>]
Package babel Info: Redefining spanish shorthand <<
(babel)             in language  on input line 89.
Package babel Info: Redefining spanish shorthand >>
(babel)             in language  on input line 89.
Package babel Info: Redefining spanish shorthand "=
(babel)             in language  on input line 89.
Package babel Info: Redefining spanish shorthand "~
(babel)             in language  on input line 89.
Package babel Info: Redefining spanish shorthand "!
(babel)             in language  on input line 89.
Package babel Info: Redefining spanish shorthand "?
(babel)             in language  on input line 89.
Package babel Info: Redefining spanish shorthand <<
(babel)             in language  on input line 93.
Package babel Info: Redefining spanish shorthand >>
(babel)             in language  on input line 93.
Package babel Info: Redefining spanish shorthand "=
(babel)             in language  on input line 93.
Package babel Info: Redefining spanish shorthand "~
(babel)             in language  on input line 93.
Package babel Info: Redefining spanish shorthand "!
(babel)             in language  on input line 93.
Package babel Info: Redefining spanish shorthand "?
(babel)             in language  on input line 93.
Package babel Info: Redefining spanish shorthand <<
(babel)             in language  on input line 97.
Package babel Info: Redefining spanish shorthand >>
(babel)             in language  on input line 97.
Package babel Info: Redefining spanish shorthand "=
(babel)             in language  on input line 97.
Package babel Info: Redefining spanish shorthand "~
(babel)             in language  on input line 97.
Package babel Info: Redefining spanish shorthand "!
(babel)             in language  on input line 97.
Package babel Info: Redefining spanish shorthand "?
(babel)             in language  on input line 97.
Package babel Info: Redefining spanish shorthand <<
(babel)             in language  on input line 99.
Package babel Info: Redefining spanish shorthand >>
(babel)             in language  on input line 99.
Package babel Info: Redefining spanish shorthand "=
(babel)             in language  on input line 99.
Package babel Info: Redefining spanish shorthand "~
(babel)             in language  on input line 99.
Package babel Info: Redefining spanish shorthand "!
(babel)             in language  on input line 99.
Package babel Info: Redefining spanish shorthand "?
(babel)             in language  on input line 99.
Package babel Info: Redefining spanish shorthand <<
(babel)             in language  on input line 101.
Package babel Info: Redefining spanish shorthand >>
(babel)             in language  on input line 101.
Package babel Info: Redefining spanish shorthand "=
(babel)             in language  on input line 101.
Package babel Info: Redefining spanish shorthand "~
(babel)             in language  on input line 101.
Package babel Info: Redefining spanish shorthand "!
(babel)             in language  on input line 101.
Package babel Info: Redefining spanish shorthand "?
(babel)             in language  on input line 101.
Package babel Info: Redefining spanish shorthand <<
(babel)             in language  on input line 104.
Package babel Info: Redefining spanish shorthand >>
(babel)             in language  on input line 104.
Package babel Info: Redefining spanish shorthand "=
(babel)             in language  on input line 104.
Package babel Info: Redefining spanish shorthand "~
(babel)             in language  on input line 104.
Package babel Info: Redefining spanish shorthand "!
(babel)             in language  on input line 104.
Package babel Info: Redefining spanish shorthand "?
(babel)             in language  on input line 104.
Package babel Info: Redefining spanish shorthand <<
(babel)             in language  on input line 106.
Package babel Info: Redefining spanish shorthand >>
(babel)             in language  on input line 106.
Package babel Info: Redefining spanish shorthand "=
(babel)             in language  on input line 106.
Package babel Info: Redefining spanish shorthand "~
(babel)             in language  on input line 106.
Package babel Info: Redefining spanish shorthand "!
(babel)             in language  on input line 106.
Package babel Info: Redefining spanish shorthand "?
(babel)             in language  on input line 106.
Package babel Info: Redefining spanish shorthand <<
(babel)             in language  on input line 108.
Package babel Info: Redefining spanish shorthand >>
(babel)             in language  on input line 108.
Package babel Info: Redefining spanish shorthand "=
(babel)             in language  on input line 108.
Package babel Info: Redefining spanish shorthand "~
(babel)             in language  on input line 108.
Package babel Info: Redefining spanish shorthand "!
(babel)             in language  on input line 108.
Package babel Info: Redefining spanish shorthand "?
(babel)             in language  on input line 108.
Package babel Info: Redefining spanish shorthand <<
(babel)             in language  on input line 110.
Package babel Info: Redefining spanish shorthand >>
(babel)             in language  on input line 110.
Package babel Info: Redefining spanish shorthand "=
(babel)             in language  on input line 110.
Package babel Info: Redefining spanish shorthand "~
(babel)             in language  on input line 110.
Package babel Info: Redefining spanish shorthand "!
(babel)             in language  on input line 110.
Package babel Info: Redefining spanish shorthand "?
(babel)             in language  on input line 110.
Package babel Info: Redefining spanish shorthand <<
(babel)             in language  on input line 112.
Package babel Info: Redefining spanish shorthand >>
(babel)             in language  on input line 112.
Package babel Info: Redefining spanish shorthand "=
(babel)             in language  on input line 112.
Package babel Info: Redefining spanish shorthand "~
(babel)             in language  on input line 112.
Package babel Info: Redefining spanish shorthand "!
(babel)             in language  on input line 112.
Package babel Info: Redefining spanish shorthand "?
(babel)             in language  on input line 112.
)
LaTeX Info: Redefining \. on input line 95.
LaTeX Info: Redefining \% on input line 95.
Package babel Info: Redefining spanish shorthand <<
(babel)             in language  on input line 95.
Package babel Info: Redefining spanish shorthand >>
(babel)             in language  on input line 95.
Package babel Info: Redefining spanish shorthand "=
(babel)             in language  on input line 95.
Package babel Info: Redefining spanish shorthand "~
(babel)             in language  on input line 95.
Package babel Info: Redefining spanish shorthand "!
(babel)             in language  on input line 95.
Package babel Info: Redefining spanish shorthand "?
(babel)             in language  on input line 95.
Package babel Info: Redefining spanish shorthand <<
(babel)             in language  on input line 95.
Package babel Info: Redefining spanish shorthand >>
(babel)             in language  on input line 95.
Package babel Info: Redefining spanish shorthand "=
(babel)             in language  on input line 95.
Package babel Info: Redefining spanish shorthand "~
(babel)             in language  on input line 95.
Package babel Info: Redefining spanish shorthand "!
(babel)             in language  on input line 95.
Package babel Info: Redefining spanish shorthand "?
(babel)             in language  on input line 95.
 [12]
\openout2 = `cap3.aux'.

 (./cap3.tex
Cap\'{\i }tulo 4.
Package babel Info: Redefining spanish shorthand <<
(babel)             in language  on input line 1.
Package babel Info: Redefining spanish shorthand >>
(babel)             in language  on input line 1.
Package babel Info: Redefining spanish shorthand "=
(babel)             in language  on input line 1.
Package babel Info: Redefining spanish shorthand "~
(babel)             in language  on input line 1.
Package babel Info: Redefining spanish shorthand "!
(babel)             in language  on input line 1.
Package babel Info: Redefining spanish shorthand "?
(babel)             in language  on input line 1.
Package babel Info: Redefining spanish shorthand <<
(babel)             in language  on input line 3.
Package babel Info: Redefining spanish shorthand >>
(babel)             in language  on input line 3.
Package babel Info: Redefining spanish shorthand "=
(babel)             in language  on input line 3.
Package babel Info: Redefining spanish shorthand "~
(babel)             in language  on input line 3.
Package babel Info: Redefining spanish shorthand "!
(babel)             in language  on input line 3.
Package babel Info: Redefining spanish shorthand "?
(babel)             in language  on input line 3.
Package babel Info: Redefining spanish shorthand <<
(babel)             in language  on input line 5.
Package babel Info: Redefining spanish shorthand >>
(babel)             in language  on input line 5.
Package babel Info: Redefining spanish shorthand "=
(babel)             in language  on input line 5.
Package babel Info: Redefining spanish shorthand "~
(babel)             in language  on input line 5.
Package babel Info: Redefining spanish shorthand "!
(babel)             in language  on input line 5.
Package babel Info: Redefining spanish shorthand "?
(babel)             in language  on input line 5.
Package babel Info: Redefining spanish shorthand <<
(babel)             in language  on input line 30.
Package babel Info: Redefining spanish shorthand >>
(babel)             in language  on input line 30.
Package babel Info: Redefining spanish shorthand "=
(babel)             in language  on input line 30.
Package babel Info: Redefining spanish shorthand "~
(babel)             in language  on input line 30.
Package babel Info: Redefining spanish shorthand "!
(babel)             in language  on input line 30.
Package babel Info: Redefining spanish shorthand "?
(babel)             in language  on input line 30.
Package babel Info: Redefining spanish shorthand <<
(babel)             in language  on input line 32.
Package babel Info: Redefining spanish shorthand >>
(babel)             in language  on input line 32.
Package babel Info: Redefining spanish shorthand "=
(babel)             in language  on input line 32.
Package babel Info: Redefining spanish shorthand "~
(babel)             in language  on input line 32.
Package babel Info: Redefining spanish shorthand "!
(babel)             in language  on input line 32.
Package babel Info: Redefining spanish shorthand "?
(babel)             in language  on input line 32.
Package babel Info: Redefining spanish shorthand <<
(babel)             in language  on input line 34.
Package babel Info: Redefining spanish shorthand >>
(babel)             in language  on input line 34.
Package babel Info: Redefining spanish shorthand "=
(babel)             in language  on input line 34.
Package babel Info: Redefining spanish shorthand "~
(babel)             in language  on input line 34.
Package babel Info: Redefining spanish shorthand "!
(babel)             in language  on input line 34.
Package babel Info: Redefining spanish shorthand "?
(babel)             in language  on input line 34.
Package babel Info: Redefining spanish shorthand <<
(babel)             in language  on input line 36.
Package babel Info: Redefining spanish shorthand >>
(babel)             in language  on input line 36.
Package babel Info: Redefining spanish shorthand "=
(babel)             in language  on input line 36.
Package babel Info: Redefining spanish shorthand "~
(babel)             in language  on input line 36.
Package babel Info: Redefining spanish shorthand "!
(babel)             in language  on input line 36.
Package babel Info: Redefining spanish shorthand "?
(babel)             in language  on input line 36.
Package babel Info: Redefining spanish shorthand <<
(babel)             in language  on input line 38.
Package babel Info: Redefining spanish shorthand >>
(babel)             in language  on input line 38.
Package babel Info: Redefining spanish shorthand "=
(babel)             in language  on input line 38.
Package babel Info: Redefining spanish shorthand "~
(babel)             in language  on input line 38.
Package babel Info: Redefining spanish shorthand "!
(babel)             in language  on input line 38.
Package babel Info: Redefining spanish shorthand "?
(babel)             in language  on input line 38.
)
Package babel Info: Redefining spanish shorthand <<
(babel)             in language  on input line 96.
Package babel Info: Redefining spanish shorthand >>
(babel)             in language  on input line 96.
Package babel Info: Redefining spanish shorthand "=
(babel)             in language  on input line 96.
Package babel Info: Redefining spanish shorthand "~
(babel)             in language  on input line 96.
Package babel Info: Redefining spanish shorthand "!
(babel)             in language  on input line 96.
Package babel Info: Redefining spanish shorthand "?
(babel)             in language  on input line 96.
Package babel Info: Redefining spanish shorthand <<
(babel)             in language  on input line 96.
Package babel Info: Redefining spanish shorthand >>
(babel)             in language  on input line 96.
Package babel Info: Redefining spanish shorthand "=
(babel)             in language  on input line 96.
Package babel Info: Redefining spanish shorthand "~
(babel)             in language  on input line 96.
Package babel Info: Redefining spanish shorthand "!
(babel)             in language  on input line 96.
Package babel Info: Redefining spanish shorthand "?
(babel)             in language  on input line 96.
 [13



]
LaTeX Info: Redefining \. on input line 96.
LaTeX Info: Redefining \% on input line 96.
Package babel Info: Redefining spanish shorthand <<
(babel)             in language  on input line 96.
Package babel Info: Redefining spanish shorthand >>
(babel)             in language  on input line 96.
Package babel Info: Redefining spanish shorthand "=
(babel)             in language  on input line 96.
Package babel Info: Redefining spanish shorthand "~
(babel)             in language  on input line 96.
Package babel Info: Redefining spanish shorthand "!
(babel)             in language  on input line 96.
Package babel Info: Redefining spanish shorthand "?
(babel)             in language  on input line 96.
Package babel Info: Redefining spanish shorthand <<
(babel)             in language  on input line 96.
Package babel Info: Redefining spanish shorthand >>
(babel)             in language  on input line 96.
Package babel Info: Redefining spanish shorthand "=
(babel)             in language  on input line 96.
Package babel Info: Redefining spanish shorthand "~
(babel)             in language  on input line 96.
Package babel Info: Redefining spanish shorthand "!
(babel)             in language  on input line 96.
Package babel Info: Redefining spanish shorthand "?
(babel)             in language  on input line 96.
 [14]
\openout2 = `conclusiones.aux'.

 (./conclusiones.tex
Package babel Info: Redefining spanish shorthand <<
(babel)             in language  on input line 1.
Package babel Info: Redefining spanish shorthand >>
(babel)             in language  on input line 1.
Package babel Info: Redefining spanish shorthand "=
(babel)             in language  on input line 1.
Package babel Info: Redefining spanish shorthand "~
(babel)             in language  on input line 1.
Package babel Info: Redefining spanish shorthand "!
(babel)             in language  on input line 1.
Package babel Info: Redefining spanish shorthand "?
(babel)             in language  on input line 1.
)
Package babel Info: Redefining spanish shorthand <<
(babel)             in language  on input line 100.
Package babel Info: Redefining spanish shorthand >>
(babel)             in language  on input line 100.
Package babel Info: Redefining spanish shorthand "=
(babel)             in language  on input line 100.
Package babel Info: Redefining spanish shorthand "~
(babel)             in language  on input line 100.
Package babel Info: Redefining spanish shorthand "!
(babel)             in language  on input line 100.
Package babel Info: Redefining spanish shorthand "?
(babel)             in language  on input line 100.
Package babel Info: Redefining spanish shorthand <<
(babel)             in language  on input line 100.
Package babel Info: Redefining spanish shorthand >>
(babel)             in language  on input line 100.
Package babel Info: Redefining spanish shorthand "=
(babel)             in language  on input line 100.
Package babel Info: Redefining spanish shorthand "~
(babel)             in language  on input line 100.
Package babel Info: Redefining spanish shorthand "!
(babel)             in language  on input line 100.
Package babel Info: Redefining spanish shorthand "?
(babel)             in language  on input line 100.
 [15




]
\openout2 = `trabajofuturo.aux'.

 (./trabajofuturo.tex
Package babel Info: Redefining spanish shorthand <<
(babel)             in language  on input line 1.
Package babel Info: Redefining spanish shorthand >>
(babel)             in language  on input line 1.
Package babel Info: Redefining spanish shorthand "=
(babel)             in language  on input line 1.
Package babel Info: Redefining spanish shorthand "~
(babel)             in language  on input line 1.
Package babel Info: Redefining spanish shorthand "!
(babel)             in language  on input line 1.
Package babel Info: Redefining spanish shorthand "?
(babel)             in language  on input line 1.
)
Package babel Info: Redefining spanish shorthand <<
(babel)             in language  on input line 101.
Package babel Info: Redefining spanish shorthand >>
(babel)             in language  on input line 101.
Package babel Info: Redefining spanish shorthand "=
(babel)             in language  on input line 101.
Package babel Info: Redefining spanish shorthand "~
(babel)             in language  on input line 101.
Package babel Info: Redefining spanish shorthand "!
(babel)             in language  on input line 101.
Package babel Info: Redefining spanish shorthand "?
(babel)             in language  on input line 101.
Package babel Info: Redefining spanish shorthand <<
(babel)             in language  on input line 101.
Package babel Info: Redefining spanish shorthand >>
(babel)             in language  on input line 101.
Package babel Info: Redefining spanish shorthand "=
(babel)             in language  on input line 101.
Package babel Info: Redefining spanish shorthand "~
(babel)             in language  on input line 101.
Package babel Info: Redefining spanish shorthand "!
(babel)             in language  on input line 101.
Package babel Info: Redefining spanish shorthand "?
(babel)             in language  on input line 101.
 [16



] (./Thesis.bbl
Package babel Info: Redefining spanish shorthand <<
(babel)             in language  on input line 8.
Package babel Info: Redefining spanish shorthand >>
(babel)             in language  on input line 8.
Package babel Info: Redefining spanish shorthand "=
(babel)             in language  on input line 8.
Package babel Info: Redefining spanish shorthand "~
(babel)             in language  on input line 8.
Package babel Info: Redefining spanish shorthand "!
(babel)             in language  on input line 8.
Package babel Info: Redefining spanish shorthand "?
(babel)             in language  on input line 8.
Package babel Info: Redefining spanish shorthand <<
(babel)             in language  on input line 75.
Package babel Info: Redefining spanish shorthand >>
(babel)             in language  on input line 75.
Package babel Info: Redefining spanish shorthand "=
(babel)             in language  on input line 75.
Package babel Info: Redefining spanish shorthand "~
(babel)             in language  on input line 75.
Package babel Info: Redefining spanish shorthand "!
(babel)             in language  on input line 75.
Package babel Info: Redefining spanish shorthand "?
(babel)             in language  on input line 75.
Package babel Info: Redefining spanish shorthand <<
(babel)             in language  on input line 75.
Package babel Info: Redefining spanish shorthand >>
(babel)             in language  on input line 75.
Package babel Info: Redefining spanish shorthand "=
(babel)             in language  on input line 75.
Package babel Info: Redefining spanish shorthand "~
(babel)             in language  on input line 75.
Package babel Info: Redefining spanish shorthand "!
(babel)             in language  on input line 75.
Package babel Info: Redefining spanish shorthand "?
(babel)             in language  on input line 75.

[17


])
Package atveryend Info: Empty hook `BeforeClearDocument' on input line 106.
LaTeX Info: Redefining \. on input line 106.
LaTeX Info: Redefining \% on input line 106.
Package babel Info: Redefining spanish shorthand <<
(babel)             in language  on input line 106.
Package babel Info: Redefining spanish shorthand >>
(babel)             in language  on input line 106.
Package babel Info: Redefining spanish shorthand "=
(babel)             in language  on input line 106.
Package babel Info: Redefining spanish shorthand "~
(babel)             in language  on input line 106.
Package babel Info: Redefining spanish shorthand "!
(babel)             in language  on input line 106.
Package babel Info: Redefining spanish shorthand "?
(babel)             in language  on input line 106.
Package babel Info: Redefining spanish shorthand <<
(babel)             in language  on input line 106.
Package babel Info: Redefining spanish shorthand >>
(babel)             in language  on input line 106.
Package babel Info: Redefining spanish shorthand "=
(babel)             in language  on input line 106.
Package babel Info: Redefining spanish shorthand "~
(babel)             in language  on input line 106.
Package babel Info: Redefining spanish shorthand "!
(babel)             in language  on input line 106.
Package babel Info: Redefining spanish shorthand "?
(babel)             in language  on input line 106.
 [18]
Package atveryend Info: Empty hook `AfterLastShipout' on input line 106.
 (./Thesis.aux
LaTeX Info: Redefining \. on input line 24.
LaTeX Info: Redefining \% on input line 24.
 (./dedicatoria.aux) (./agradecimientos.aux)
(./introduccion.aux) (./MarcoTeorico.aux) (./cap1.aux) (./cap2.aux) (./cap3.aux
) (./conclusiones.aux) (./trabajofuturo.aux))
Package atveryend Info: Executing hook `AtVeryEndDocument' on input line 106.
Package atveryend Info: Executing hook `AtEndAfterFileList' on input line 106.
Package rerunfilecheck Info: File `Thesis.out' has not changed.
(rerunfilecheck)             Checksum: 929CD12360F736377041B12DD46A03F6;2958.


LaTeX Warning: There were undefined references.

Package atveryend Info: Empty hook `AtVeryVeryEnd' on input line 106.
 ) 
Here is how much of TeX's memory you used:
 9556 strings out of 494891
 137967 string characters out of 6179039
 237401 words of memory out of 5000000
 12504 multiletter control sequences out of 15000+600000
 20487 words of font info for 51 fonts, out of 8000000 for 9000
 40 hyphenation exceptions out of 8191
 43i,9n,44p,786b,660s stack positions out of 5000i,500n,10000p,200000b,80000s
 </home/sergio/.texmf-var/fonts/pk/ljfour/jknappen/ec/ecrm1000.600pk> </home/
sergio/.texmf-var/fonts/pk/ljfour/jknappen/ec/eccc1000.600pk> </home/sergio/.te
xmf-var/fonts/pk/ljfour/jknappen/ec/ecti1095.600pk> </home/sergio/.texmf-var/fo
nts/pk/ljfour/jknappen/ec/ecbx2488.600pk> </home/sergio/.texmf-var/fonts/pk/ljf
our/jknappen/ec/ecbx1200.600pk> </home/sergio/.texmf-var/fonts/pk/ljfour/jknapp
en/ec/ecrm0800.600pk> </home/sergio/.texmf-var/fonts/pk/ljfour/jknappen/ec/ecbx
1728.600pk> </home/sergio/.texmf-var/fonts/pk/ljfour/jknappen/ec/ecrm1200.600pk
> </home/sergio/.texmf-var/fonts/pk/ljfour/jknappen/ec/ecbx1440.600pk> </home/s
ergio/.texmf-var/fonts/pk/ljfour/jknappen/ec/ecrm1095.600pk> </home/sergio/.tex
mf-var/fonts/pk/ljfour/jknappen/ec/ecbx1095.600pk> </home/sergio/.texmf-var/fon
ts/pk/ljfour/jknappen/ec/eccc1200.600pk> </home/sergio/.texmf-var/fonts/pk/ljfo
ur/jknappen/ec/eccc1440.600pk> </home/sergio/.texmf-var/fonts/pk/ljfour/jknappe
n/ec/ecti1728.600pk></usr/share/texlive/texmf-dist/fonts/type1/public/amsfonts/
cm/cmex10.pfb></usr/share/texlive/texmf-dist/fonts/type1/public/amsfonts/cm/cmm
i10.pfb></usr/share/texlive/texmf-dist/fonts/type1/public/amsfonts/cm/cmmi8.pfb
></usr/share/texlive/texmf-dist/fonts/type1/public/amsfonts/cm/cmr10.pfb></usr/
share/texlive/texmf-dist/fonts/type1/public/amsfonts/cm/cmr8.pfb></usr/share/te
xlive/texmf-dist/fonts/type1/public/amsfonts/cm/cmsy10.pfb></usr/share/texlive/
texmf-dist/fonts/type1/public/amsfonts/cm/cmsy8.pfb>
Output written on Thesis.pdf (30 pages, 1355629 bytes).
PDF statistics:
 1096 PDF objects out of 1200 (max. 8388607)
 511 compressed objects within 6 object streams
 104 named destinations out of 1000 (max. 500000)
 390 words of extra memory for PDF output out of 10000 (max. 10000000)

